
39.144.36.110
腾讯视频会员签到执行任务
--------------raindrop--------------
2023-11-07 07:00:49
tag:浪人海洋
会员等级:6
积分:0
V力值:32277
开始时间:2023-09-21 20:23:32
到期时间:2024-11-07 20:23:32
{'ret': -2002, 'err_msg': 'user 557947551 has check in', 'check_in_score': 0}
{'ret': -2003, 'err_msg': 'OK', 'provide_value': 0}
腾讯视频会员签到执行任务
--------------raindrop--------------
2023-11-07 07:00:49
tag:浪人海洋
会员等级:6
积分:0
V力值:32277
开始时间:2023-09-21 20:23:32
到期时间:2024-11-07 20:23:32
签到获得v力值:0
观看获得v力值:0
---------v力值任务状态----------
标题:VIP会员每日签到
状态:已完成签到
标题:绑定我的手机号
状态:已完成，获得100点V力值
None
2023-11-07 07:00:53 - 运行日志
